2023-07-13 14:56:54,046 WARN  xtdb.util: could not open reflective access from org.apache.arrow.memory.ArrowBuf to java.nio.DirectByteBuffer [ thread=nREPL-session-03d42e1c-1632-4579-94fc-8eedf2661f12]
java.lang.IllegalCallerException: java.nio is not open to unnamed module @79e6be08
	at java.base/java.lang.Module.addOpens(Module.java:892)
	at xtdb.util$try_open_reflective_access.invokeStatic(util.clj:395)
	at xtdb.util$try_open_reflective_access.invoke(util.clj:391)
	at xtdb.util$eval3780.invokeStatic(util.clj:401)
	at xtdb.util$eval3780.invoke(util.clj:400)
	at clojure.lang.Compiler.eval(Compiler.java:7194)
	at clojure.lang.Compiler.load(Compiler.java:7653)
	at clojure.lang.RT.loadResourceScript(RT.java:381)
	at clojure.lang.RT.loadResourceScript(RT.java:372)
	at clojure.lang.RT.load(RT.java:459)
	at clojure.lang.RT.load(RT.java:424)
	at clojure.core$load$fn__6908.invoke(core.clj:6161)
	at clojure.core$load.invokeStatic(core.clj:6160)
	at clojure.core$load.doInvoke(core.clj:6144)
	at clojure.lang.RestFn.invoke(RestFn.java:408)
	at clojure.core$load_one.invokeStatic(core.clj:5933)
	at clojure.core$load_one.invoke(core.clj:5928)
	at clojure.core$load_lib$fn__6850.invoke(core.clj:5975)
	at clojure.core$load_lib.invokeStatic(core.clj:5974)
	at clojure.core$load_lib.doInvoke(core.clj:5953)
	at clojure.lang.RestFn.applyTo(RestFn.java:142)
	at clojure.core$apply.invokeStatic(core.clj:669)
	at clojure.core$load_libs.invokeStatic(core.clj:6016)
	at clojure.core$load_libs.doInvoke(core.clj:6000)
	at clojure.lang.RestFn.applyTo(RestFn.java:137)
	at clojure.core$apply.invokeStatic(core.clj:669)
	at clojure.core$require.invokeStatic(core.clj:6038)
	at clojure.core$require.doInvoke(core.clj:6038)
	at clojure.lang.RestFn.invoke(RestFn.java:551)
	at xtdb.logical_plan$eval2420$loading__6789__auto____2421.invoke(logical_plan.clj:1)
	at xtdb.logical_plan$eval2420.invokeStatic(logical_plan.clj:1)
	at xtdb.logical_plan$eval2420.invoke(logical_plan.clj:1)
	at clojure.lang.Compiler.eval(Compiler.java:7194)
	at clojure.lang.Compiler.eval(Compiler.java:7183)
	at clojure.lang.Compiler.load(Compiler.java:7653)
	at clojure.lang.RT.loadResourceScript(RT.java:381)
	at clojure.lang.RT.loadResourceScript(RT.java:372)
	at clojure.lang.RT.load(RT.java:459)
	at clojure.lang.RT.load(RT.java:424)
	at clojure.core$load$fn__6908.invoke(core.clj:6161)
	at clojure.core$load.invokeStatic(core.clj:6160)
	at clojure.core$load.doInvoke(core.clj:6144)
	at clojure.lang.RestFn.invoke(RestFn.java:408)
	at clojure.core$load_one.invokeStatic(core.clj:5933)
	at clojure.core$load_one.invoke(core.clj:5928)
	at clojure.core$load_lib$fn__6850.invoke(core.clj:5975)
	at clojure.core$load_lib.invokeStatic(core.clj:5974)
	at clojure.core$load_lib.doInvoke(core.clj:5953)
	at clojure.lang.RestFn.applyTo(RestFn.java:142)
	at clojure.core$apply.invokeStatic(core.clj:669)
	at clojure.core$load_libs.invokeStatic(core.clj:6016)
	at clojure.core$load_libs.doInvoke(core.clj:6000)
	at clojure.lang.RestFn.applyTo(RestFn.java:137)
	at clojure.core$apply.invokeStatic(core.clj:669)
	at clojure.core$require.invokeStatic(core.clj:6038)
	at clojure.core$require.doInvoke(core.clj:6038)
	at clojure.lang.RestFn.invoke(RestFn.java:805)
	at xtdb.datalog$eval2378$loading__6789__auto____2379.invoke(datalog.clj:1)
	at xtdb.datalog$eval2378.invokeStatic(datalog.clj:1)
	at xtdb.datalog$eval2378.invoke(datalog.clj:1)
	at clojure.lang.Compiler.eval(Compiler.java:7194)
	at clojure.lang.Compiler.eval(Compiler.java:7183)
	at clojure.lang.Compiler.load(Compiler.java:7653)
	at clojure.lang.RT.loadResourceScript(RT.java:381)
	at clojure.lang.RT.loadResourceScript(RT.java:372)
	at clojure.lang.RT.load(RT.java:459)
	at clojure.lang.RT.load(RT.java:424)
	at clojure.core$load$fn__6908.invoke(core.clj:6161)
	at clojure.core$load.invokeStatic(core.clj:6160)
	at clojure.core$load.doInvoke(core.clj:6144)
	at clojure.lang.RestFn.invoke(RestFn.java:408)
	at clojure.core$load_one.invokeStatic(core.clj:5933)
	at clojure.core$load_one.invoke(core.clj:5928)
	at clojure.core$load_lib$fn__6850.invoke(core.clj:5975)
	at clojure.core$load_lib.invokeStatic(core.clj:5974)
	at clojure.core$load_lib.doInvoke(core.clj:5953)
	at clojure.lang.RestFn.applyTo(RestFn.java:142)
	at clojure.core$apply.invokeStatic(core.clj:669)
	at clojure.core$load_libs.invokeStatic(core.clj:6016)
	at clojure.core$load_libs.doInvoke(core.clj:6000)
	at clojure.lang.RestFn.applyTo(RestFn.java:137)
	at clojure.core$apply.invokeStatic(core.clj:669)
	at clojure.core$require.invokeStatic(core.clj:6038)
	at clojure.core$require.doInvoke(core.clj:6038)
	at clojure.lang.RestFn.invoke(RestFn.java:930)
	at xtdb.node$eval2186$loading__6789__auto____2187.invoke(node.clj:1)
	at xtdb.node$eval2186.invokeStatic(node.clj:1)
	at xtdb.node$eval2186.invoke(node.clj:1)
	at clojure.lang.Compiler.eval(Compiler.java:7194)
	at clojure.lang.Compiler.eval(Compiler.java:7183)
	at clojure.lang.Compiler.load(Compiler.java:7653)
	at clojure.lang.RT.loadResourceScript(RT.java:381)
	at clojure.lang.RT.loadResourceScript(RT.java:372)
	at clojure.lang.RT.load(RT.java:459)
	at clojure.lang.RT.load(RT.java:424)
	at clojure.core$load$fn__6908.invoke(core.clj:6161)
	at clojure.core$load.invokeStatic(core.clj:6160)
	at clojure.core$load.doInvoke(core.clj:6144)
	at clojure.lang.RestFn.invoke(RestFn.java:408)
	at clojure.core$load_one.invokeStatic(core.clj:5933)
	at clojure.core$load_one.invoke(core.clj:5928)
	at clojure.core$load_lib$fn__6850.invoke(core.clj:5975)
	at clojure.core$load_lib.invokeStatic(core.clj:5974)
	at clojure.core$load_lib.doInvoke(core.clj:5953)
	at clojure.lang.RestFn.applyTo(RestFn.java:142)
	at clojure.core$apply.invokeStatic(core.clj:669)
	at clojure.core$load_libs.invokeStatic(core.clj:6016)
	at clojure.core$load_libs.doInvoke(core.clj:6000)
	at clojure.lang.RestFn.applyTo(RestFn.java:137)
	at clojure.core$apply.invokeStatic(core.clj:669)
	at clojure.core$require.invokeStatic(core.clj:6038)
	at clojure.core$require.doInvoke(core.clj:6038)
	at clojure.lang.RestFn.invoke(RestFn.java:421)
	at v2_landing.demo$eval2180$loading__6789__auto____2181.invoke(NO_SOURCE_FILE:3)
	at v2_landing.demo$eval2180.invokeStatic(NO_SOURCE_FILE:3)
	at v2_landing.demo$eval2180.invoke(NO_SOURCE_FILE:3)
	at clojure.lang.Compiler.eval(Compiler.java:7194)
	at clojure.lang.Compiler.eval(Compiler.java:7183)
	at clojure.lang.Compiler.eval(Compiler.java:7149)
	at clojure.core$eval.invokeStatic(core.clj:3215)
	at clojure.core$eval.invoke(core.clj:3211)
	at nrepl.middleware.interruptible_eval$evaluate$fn__1265$fn__1266.invoke(interruptible_eval.clj:87)
	at clojure.lang.AFn.applyToHelper(AFn.java:152)
	at clojure.lang.AFn.applyTo(AFn.java:144)
	at clojure.core$apply.invokeStatic(core.clj:667)
	at clojure.core$with_bindings_STAR_.invokeStatic(core.clj:1990)
	at clojure.core$with_bindings_STAR_.doInvoke(core.clj:1990)
	at clojure.lang.RestFn.invoke(RestFn.java:425)
	at nrepl.middleware.interruptible_eval$evaluate$fn__1265.invoke(interruptible_eval.clj:87)
	at clojure.main$repl$read_eval_print__9206$fn__9209.invoke(main.clj:437)
	at clojure.main$repl$read_eval_print__9206.invoke(main.clj:437)
	at clojure.main$repl$fn__9215.invoke(main.clj:458)
	at clojure.main$repl.invokeStatic(main.clj:458)
	at clojure.main$repl.doInvoke(main.clj:368)
	at clojure.lang.RestFn.invoke(RestFn.java:1523)
	at nrepl.middleware.interruptible_eval$evaluate.invokeStatic(interruptible_eval.clj:84)
	at nrepl.middleware.interruptible_eval$evaluate.invoke(interruptible_eval.clj:56)
	at nrepl.middleware.interruptible_eval$interruptible_eval$fn__1298$fn__1302.invoke(interruptible_eval.clj:152)
	at clojure.lang.AFn.run(AFn.java:22)
	at nrepl.middleware.session$session_exec$main_loop__1368$fn__1372.invoke(session.clj:218)
	at nrepl.middleware.session$session_exec$main_loop__1368.invoke(session.clj:217)
	at clojure.lang.AFn.run(AFn.java:22)
	at java.base/java.lang.Thread.run(Thread.java:1623)
2023-07-13 14:59:43,329 INFO  xtdb.pgwire: PGWire server started on port: 5432 [ thread=nREPL-session-09460ff9-f1b3-468e-a920-5b995bfea0fe]
2023-07-13 14:59:43,329 DEBUG xtdb.pgwire: Pgwire server listening on 5432 [ thread=pgwire-server-accept-5432]
2023-07-13 14:59:43,374 INFO  xtdb.server: HTTP server started on port:  3001 [ thread=nREPL-session-09460ff9-f1b3-468e-a920-5b995bfea0fe]
2023-07-13 15:04:12,474 DEBUG xtdb.pgwire: Pgwire server listening on 5432 [ thread=pgwire-server-accept-5432]
2023-07-13 15:04:12,474 INFO  xtdb.pgwire: PGWire server started on port: 5432 [ thread=nREPL-session-d588189a-2a15-4ddb-b497-1e22f8ffc28b]
2023-07-13 15:04:12,511 INFO  xtdb.server: HTTP server started on port:  3001 [ thread=nREPL-session-d588189a-2a15-4ddb-b497-1e22f8ffc28b]
2023-07-13 15:06:10,249 ERROR xtdb.pgwire: Exception caught on server start 5432 [ thread=nREPL-session-d588189a-2a15-4ddb-b497-1e22f8ffc28b]
java.net.BindException: Address already in use
	at java.base/sun.nio.ch.Net.bind0(Native Method)
	at java.base/sun.nio.ch.Net.bind(Net.java:556)
	at java.base/sun.nio.ch.Net.bind(Net.java:545)
	at java.base/sun.nio.ch.NioSocketImpl.bind(NioSocketImpl.java:629)
	at java.base/java.net.ServerSocket.bind(ServerSocket.java:393)
	at java.base/java.net.ServerSocket.<init>(ServerSocket.java:275)
	at java.base/java.net.ServerSocket.<init>(ServerSocket.java:168)
	at xtdb.pgwire$create_server$fn__30644.invoke(pgwire.clj:2016)
	at clojure.lang.Delay.deref(Delay.java:42)
	at clojure.core$deref.invokeStatic(core.clj:2337)
	at clojure.core$deref.invoke(core.clj:2323)
	at xtdb.pgwire$start_server$fn__29945.invoke(pgwire.clj:667)
	at xtdb.pgwire$start_server.invokeStatic(pgwire.clj:667)
	at xtdb.pgwire$start_server.invoke(pgwire.clj:657)
	at xtdb.pgwire$serve.invokeStatic(pgwire.clj:2046)
	at xtdb.pgwire$serve.invoke(pgwire.clj:2024)
	at xtdb.pgwire$eval30656$fn__30658.invoke(pgwire.clj:2064)
	at clojure.lang.MultiFn.invoke(MultiFn.java:234)
	at juxt.clojars_mirrors.integrant.core$try_build_action.invokeStatic(core.cljc:304)
	at juxt.clojars_mirrors.integrant.core$try_build_action.invoke(core.cljc:303)
	at juxt.clojars_mirrors.integrant.core$build_key.invokeStatic(core.cljc:312)
	at juxt.clojars_mirrors.integrant.core$build_key.invoke(core.cljc:308)
	at clojure.core$partial$fn__5912.invoke(core.clj:2656)
	at clojure.core.protocols$fn__8249.invokeStatic(protocols.clj:168)
	at clojure.core.protocols$fn__8249.invoke(protocols.clj:124)
	at clojure.core.protocols$fn__8204$G__8199__8213.invoke(protocols.clj:19)
	at clojure.core.protocols$seq_reduce.invokeStatic(protocols.clj:31)
	at clojure.core.protocols$fn__8236.invokeStatic(protocols.clj:75)
	at clojure.core.protocols$fn__8236.invoke(protocols.clj:75)
	at clojure.core.protocols$fn__8178$G__8173__8191.invoke(protocols.clj:13)
	at clojure.core$reduce.invokeStatic(core.clj:6886)
	at clojure.core$reduce.invoke(core.clj:6868)
	at juxt.clojars_mirrors.integrant.core$build.invokeStatic(core.cljc:335)
	at juxt.clojars_mirrors.integrant.core$build.invoke(core.cljc:315)
	at juxt.clojars_mirrors.integrant.core$init.invokeStatic(core.cljc:441)
	at juxt.clojars_mirrors.integrant.core$init.invoke(core.cljc:433)
	at juxt.clojars_mirrors.integrant.core$init.invokeStatic(core.cljc:438)
	at juxt.clojars_mirrors.integrant.core$init.invoke(core.cljc:433)
	at xtdb.node$start_node.invokeStatic(node.clj:123)
	at xtdb.node$start_node.invoke(node.clj:122)
	at clojure.lang.AFn.applyToHelper(AFn.java:154)
	at clojure.lang.AFn.applyTo(AFn.java:144)
	at clojure.lang.Compiler$InvokeExpr.eval(Compiler.java:3714)
	at clojure.lang.Compiler$DefExpr.eval(Compiler.java:457)
	at clojure.lang.Compiler.eval(Compiler.java:7199)
	at clojure.lang.Compiler.eval(Compiler.java:7149)
	at clojure.core$eval.invokeStatic(core.clj:3215)
	at clojure.core$eval.invoke(core.clj:3211)
	at nrepl.middleware.interruptible_eval$evaluate$fn__1265$fn__1266.invoke(interruptible_eval.clj:87)
	at clojure.lang.AFn.applyToHelper(AFn.java:152)
	at clojure.lang.AFn.applyTo(AFn.java:144)
	at clojure.core$apply.invokeStatic(core.clj:667)
	at clojure.core$with_bindings_STAR_.invokeStatic(core.clj:1990)
	at clojure.core$with_bindings_STAR_.doInvoke(core.clj:1990)
	at clojure.lang.RestFn.invoke(RestFn.java:425)
	at nrepl.middleware.interruptible_eval$evaluate$fn__1265.invoke(interruptible_eval.clj:87)
	at clojure.main$repl$read_eval_print__9206$fn__9209.invoke(main.clj:437)
	at clojure.main$repl$read_eval_print__9206.invoke(main.clj:437)
	at clojure.main$repl$fn__9215.invoke(main.clj:458)
	at clojure.main$repl.invokeStatic(main.clj:458)
	at clojure.main$repl.doInvoke(main.clj:368)
	at clojure.lang.RestFn.invoke(RestFn.java:1523)
	at nrepl.middleware.interruptible_eval$evaluate.invokeStatic(interruptible_eval.clj:84)
	at nrepl.middleware.interruptible_eval$evaluate.invoke(interruptible_eval.clj:56)
	at nrepl.middleware.interruptible_eval$interruptible_eval$fn__1298$fn__1302.invoke(interruptible_eval.clj:152)
	at clojure.lang.AFn.run(AFn.java:22)
	at nrepl.middleware.session$session_exec$main_loop__1368$fn__1372.invoke(session.clj:218)
	at nrepl.middleware.session$session_exec$main_loop__1368.invoke(session.clj:217)
	at clojure.lang.AFn.run(AFn.java:22)
	at java.base/java.lang.Thread.run(Thread.java:1623)
2023-07-13 15:07:14,192 INFO  xtdb.pgwire: PGWire server started on port: 5432 [ thread=nREPL-session-e589677c-2bee-490b-b9f4-8bdda112ad91]
2023-07-13 15:07:14,192 DEBUG xtdb.pgwire: Pgwire server listening on 5432 [ thread=pgwire-server-accept-5432]
2023-07-13 15:07:14,227 INFO  xtdb.server: HTTP server started on port:  3001 [ thread=nREPL-session-e589677c-2bee-490b-b9f4-8bdda112ad91]
